c:\users\ytowo\desktop\c++practiceproject\ytworld\ytworld\release\vc140.pdb
c:\users\ytowo\desktop\c++practiceproject\ytworld\ytworld\release\shader.obj
c:\users\ytowo\desktop\c++practiceproject\ytworld\ytworld\release\shapegenerator.obj
c:\users\ytowo\desktop\c++practiceproject\ytworld\ytworld\release\octreenode.obj
c:\users\ytowo\desktop\c++practiceproject\ytworld\ytworld\release\mousepicker.obj
c:\users\ytowo\desktop\c++practiceproject\ytworld\ytworld\release\material.obj
c:\users\ytowo\desktop\c++practiceproject\ytworld\ytworld\release\mesh.obj
c:\users\ytowo\desktop\c++practiceproject\ytworld\ytworld\release\main.obj
c:\users\ytowo\desktop\c++practiceproject\ytworld\ytworld\release\inputcontrol.obj
c:\users\ytowo\desktop\c++practiceproject\ytworld\ytworld\release\groundobject.obj
c:\users\ytowo\desktop\c++practiceproject\ytworld\ytworld\release\gameobject.obj
c:\users\ytowo\desktop\c++practiceproject\ytworld\ytworld\release\objloader.obj
c:\users\ytowo\desktop\c++practiceproject\ytworld\ytworld\release\ddsloader.obj
c:\users\ytowo\desktop\c++practiceproject\ytworld\ytworld\release\collisiondetection.obj
c:\users\ytowo\desktop\c++practiceproject\ytworld\ytworld\release\camera.obj
c:\users\ytowo\desktop\c++practiceproject\ytworld\ytworld\release\boundingbox.obj
c:\users\ytowo\desktop\c++practiceproject\ytworld\release\ytworld.exe
c:\users\ytowo\desktop\c++practiceproject\ytworld\release\ytworld.pdb
c:\users\ytowo\desktop\c++practiceproject\ytworld\ytworld\release\ytworld.res
c:\users\ytowo\desktop\c++practiceproject\ytworld\ytworld\release\vc120.pdb
c:\users\ytowo\desktop\c++practiceproject\ytworld\ytworld\release\ytworld.tlog\cl.command.1.tlog
c:\users\ytowo\desktop\c++practiceproject\ytworld\ytworld\release\ytworld.tlog\cl.read.1.tlog
c:\users\ytowo\desktop\c++practiceproject\ytworld\ytworld\release\ytworld.tlog\cl.write.1.tlog
c:\users\ytowo\desktop\c++practiceproject\ytworld\ytworld\release\ytworld.tlog\link.command.1.tlog
c:\users\ytowo\desktop\c++practiceproject\ytworld\ytworld\release\ytworld.tlog\link.read.1.tlog
c:\users\ytowo\desktop\c++practiceproject\ytworld\ytworld\release\ytworld.tlog\link.write.1.tlog
c:\users\ytowo\desktop\c++practiceproject\ytworld\ytworld\release\ytworld.tlog\rc.command.1.tlog
c:\users\ytowo\desktop\c++practiceproject\ytworld\ytworld\release\ytworld.tlog\rc.read.1.tlog
c:\users\ytowo\desktop\c++practiceproject\ytworld\ytworld\release\ytworld.tlog\rc.write.1.tlog
