已經開始建置於 2016/3/8 下午 11:59:55。
     1>節點 2 (Build 目標) 上的專案 "C:\Users\USER\Desktop\C++PracticeProject\YTWorld\YTWorld\YTWorld.vcxproj"。
     1>InitializeBuildStatus:
         由於指定了 "AlwaysCreate"，因此正在建立 "Debug\YTWorld.tlog\unsuccessfulbuild"。
       ClCompile:
         C:\Program Files (x86)\Microsoft Visual Studio 12.0\VC\bin\CL.exe /c /I"C:\Users\USER\Desktop\C++PracticeProject\GLlibSet\Glew and Glut\glew-1.11.0\include" /I"C:\Users\USER\Desktop\C++PracticeProject\GLlibSet\glfw-3.1.2.bin.WIN32\include" /IC:\Users\USER\Desktop\C++PracticeProject\GLlibSet\glm /ZI /nologo /W3 /WX- /sdl /Od /Oy- /D _CRT_SECURE_NO_WARNINGS /D _MBCS /Gm /EHsc /RTC1 /MDd /GS /fp:precise /Zc:wchar_t /Zc:forScope /Fo"Debug\\" /Fd"Debug\vc120.pdb" /Gd /TP /analyze- /errorReport:prompt Main.cpp
         Main.cpp
     1>c:\users\user\desktop\c++practiceproject\ytworld\ytworld\collisiondetection\octreenode.h(36): warning C4715: 'OcTreeNode::getRootInstance' : 不是所有控制路徑都傳回值
       ResourceCompile:
         所有輸出都是最新的。
       Link:
         C:\Program Files (x86)\Microsoft Visual Studio 12.0\VC\bin\link.exe /ERRORREPORT:PROMPT /OUT:"C:\Users\USER\Desktop\C++PracticeProject\YTWorld\Debug\YTWorld.exe" /INCREMENTAL /NOLOGO /LIBPATH:"C:\Users\USER\Desktop\C++PracticeProject\GLlibSet\Glew and Glut\glew-1.11.0\lib" /LIBPATH:"C:\Users\USER\Desktop\C++PracticeProject\GLlibSet\glfw-3.1.2.bin.WIN32\lib-vc2013" /LIBPATH:"C:\Users\USER\Desktop\C++PracticeProject\GLlibSet\glfw-3.1.2.bin.WIN64\lib-mingw-w64" glew32.lib glfw3.lib opengl32.lib glu32.lib d2d1.lib d3d9.lib d3d10.lib d3d10_1.lib d3d11.lib d3dcompiler.lib D3DCSX.lib D3DCSXd.lib d3dx9.lib d3dx9d.lib d3dx10.lib d3dx10d.lib d3dx11.lib d3dx11d.lib d3dxof.lib dinput8.lib dsetup.lib dsound.lib dwrite.lib DxErr.lib dxgi.lib dxguid.lib X3DAudio.lib xapobase.lib xapobased.lib XAPOFX.lib XInput.lib kernel32.lib user32.lib gdi32.lib winspool.lib comdlg32.lib advapi32.lib shell32.lib ole32.lib oleaut32.lib uuid.lib odbc32.lib odbccp32.lib /MANIFEST /MANIFESTUAC:"level='asInvoker' uiAccess='false'" /manifest:embed /DEBUG /PDB:"C:\Users\USER\Desktop\C++PracticeProject\YTWorld\Debug\YTWorld.pdb" /SUBSYSTEM:CONSOLE /TLBID:1 /DYNAMICBASE /NXCOMPAT /IMPLIB:"C:\Users\USER\Desktop\C++PracticeProject\YTWorld\Debug\YTWorld.lib" /MACHINE:X86 Debug\YTWorld.res
         Debug\BoundingBox.obj
         Debug\Camera.obj
         Debug\CollisionDetection.obj
         Debug\DDSLoader.obj
         Debug\ObjLoader.obj
         Debug\GameObject.obj
         Debug\GroundObject.obj
         Debug\InputControl.obj
         Debug\Main.obj
         Debug\Mesh.obj
         Debug\Material.obj
         Debug\MousePicker.obj
         Debug\OcTreeNode.obj
         Debug\ShapeGenerator.obj
         Debug\Shader.obj
     1>LINK : warning LNK4098: 預設的程式庫 'MSVCRT' 與其他使用的程式庫衝突，請使用 /NODEFAULTLIB:library
         YTWorld.vcxproj -> C:\Users\USER\Desktop\C++PracticeProject\YTWorld\Debug\YTWorld.exe
       FinalizeBuildStatus:
         正在刪除檔案 "Debug\YTWorld.tlog\unsuccessfulbuild"。
         正在變更時間戳記 "Debug\YTWorld.tlog\YTWorld.lastbuildstate"。
     1>專案 "C:\Users\USER\Desktop\C++PracticeProject\YTWorld\YTWorld\YTWorld.vcxproj" (Build 目標) 建置完成。

建置成功。

經過時間 00:00:17.38
