c:\users\user\desktop\c++practiceproject\ytworld\ytworld\debug\vc120.pdb
c:\users\user\desktop\c++practiceproject\ytworld\ytworld\debug\vc120.idb
c:\users\user\desktop\c++practiceproject\ytworld\ytworld\debug\boundingbox.obj
c:\users\user\desktop\c++practiceproject\ytworld\ytworld\debug\camera.obj
c:\users\user\desktop\c++practiceproject\ytworld\ytworld\debug\ddsloader.obj
c:\users\user\desktop\c++practiceproject\ytworld\ytworld\debug\objloader.obj
c:\users\user\desktop\c++practiceproject\ytworld\ytworld\debug\gameobject.obj
c:\users\user\desktop\c++practiceproject\ytworld\ytworld\debug\inputcontrol.obj
c:\users\user\desktop\c++practiceproject\ytworld\ytworld\debug\main.obj
c:\users\user\desktop\c++practiceproject\ytworld\ytworld\debug\mesh.obj
c:\users\user\desktop\c++practiceproject\ytworld\ytworld\debug\material.obj
c:\users\user\desktop\c++practiceproject\ytworld\ytworld\debug\mousepicker.obj
c:\users\user\desktop\c++practiceproject\ytworld\ytworld\debug\shapegenerator.obj
c:\users\user\desktop\c++practiceproject\ytworld\ytworld\debug\shader.obj
c:\users\user\desktop\c++practiceproject\ytworld\ytworld\debug\collisiondetection.obj
c:\users\user\desktop\c++practiceproject\ytworld\ytworld\debug\octreenode.obj
c:\users\user\desktop\c++practiceproject\ytworld\debug\ytworld.ilk
c:\users\user\desktop\c++practiceproject\ytworld\debug\ytworld.exe
c:\users\user\desktop\c++practiceproject\ytworld\debug\ytworld.pdb
c:\users\user\desktop\c++practiceproject\ytworld\ytworld\debug\ytworld.res
c:\users\user\desktop\c++practiceproject\ytworld\ytworld\debug\ytworld.tlog\cl.command.1.tlog
c:\users\user\desktop\c++practiceproject\ytworld\ytworld\debug\ytworld.tlog\cl.read.1.tlog
c:\users\user\desktop\c++practiceproject\ytworld\ytworld\debug\ytworld.tlog\cl.write.1.tlog
c:\users\user\desktop\c++practiceproject\ytworld\ytworld\debug\ytworld.tlog\link.command.1.tlog
c:\users\user\desktop\c++practiceproject\ytworld\ytworld\debug\ytworld.tlog\link.read.1.tlog
c:\users\user\desktop\c++practiceproject\ytworld\ytworld\debug\ytworld.tlog\link.write.1.tlog
c:\users\user\desktop\c++practiceproject\ytworld\ytworld\debug\ytworld.tlog\rc.command.1.tlog
c:\users\user\desktop\c++practiceproject\ytworld\ytworld\debug\ytworld.tlog\rc.read.1.tlog
c:\users\user\desktop\c++practiceproject\ytworld\ytworld\debug\ytworld.tlog\rc.write.1.tlog
